<?xml version="1.0" encoding="UTF-8"?>
<testng-results ignored="0" total="1" passed="1" failed="0" skipped="0">
  <reporter-output>
  </reporter-output>
  <suite started-at="2022-11-08T15:56:31 IST" name="Default suite" finished-at="2022-11-08T15:56:41 IST" duration-ms="9614">
    <groups>
      <group name="cucumber">
        <method signature="AbstractTestNGCucumberTests.runScenario(io.cucumber.testng.PickleWrapper,io.cucumber.testng.FeatureWrapper)[pri:0, instance:runcOOkamber.gururun@71809907]" name="runScenario" class="io.cucumber.testng.AbstractTestNGCucumberTests"/>
      </group> <!-- cucumber -->
    </groups>
    <test started-at="2022-11-08T15:56:31 IST" name="Default test" finished-at="2022-11-08T15:56:41 IST" duration-ms="9614">
      <class name="runcOOkamber.gururun">
        <test-method is-config="true" signature="setUpClass(org.testng.ITestContext)[pri:0, instance:runcOOkamber.gururun@71809907]" started-at="2022-11-08T15:56:31 IST" name="setUpClass" finished-at="2022-11-08T15:56:32 IST" duration-ms="487" status="PASS">
          <params>
            <param index="0">
              <value>
                <![CDATA[org.testng.TestRunner@604b1e1d]]>
              </value>
            </param>
          </params>
          <reporter-output>
          </reporter-output>
        </test-method> <!-- setUpClass -->
        <test-method signature="runScenario(io.cucumber.testng.PickleWrapper,io.cucumber.testng.FeatureWrapper)[pri:0, instance:runcOOkamber.gururun@71809907]" started-at="2022-11-08T15:56:32 IST" name="runScenario" description="Runs Cucumber Scenarios" data-provider="scenarios" finished-at="2022-11-08T15:56:41 IST" duration-ms="9050" status="PASS">
          <params>
            <param index="0">
              <value>
                <![CDATA["check with invalid"]]>
              </value>
            </param>
            <param index="1">
              <value>
                <![CDATA["Optional[Test Demo Guru page]"]]>
              </value>
            </param>
          </params>
          <reporter-output>
          </reporter-output>
        </test-method> <!-- runScenario -->
        <test-method is-config="true" signature="tearDownClass()[pri:0, instance:runcOOkamber.gururun@71809907]" started-at="2022-11-08T15:56:41 IST" name="tearDownClass" finished-at="2022-11-08T15:56:41 IST" duration-ms="15" status="PASS">
          <reporter-output>
          </reporter-output>
        </test-method> <!-- tearDownClass -->
      </class> <!-- runcOOkamber.gururun -->
    </test> <!-- Default test -->
  </suite> <!-- Default suite -->
</testng-results>
